INFO: [VRFC 10-2263] Analyzing SystemVerilog file "C:/Users/ehgartns/Documents/new_pq_repo/pq_pkg.sv" into library xil_defaultlib
INFO: [VRFC 10-2263] Analyzing SystemVerilog file "C:/Users/ehgartns/Documents/new_pq_repo/auto_pq_16 bit/RTL/auto_top.sv" into library xil_defaultlib
INFO: [VRFC 10-311] analyzing module auto_top
INFO: [VRFC 10-2263] Analyzing SystemVerilog file "C:/Users/ehgartns/Documents/new_pq_repo/auto_pq_16 bit/RTL/compcounter.sv" into library xil_defaultlib
INFO: [VRFC 10-311] analyzing module compcounter
INFO: [VRFC 10-2263] Analyzing SystemVerilog file "C:/Users/ehgartns/Documents/new_pq_repo/auto_pq_16 bit/RTL/flip_flop.sv" into library xil_defaultlib
INFO: [VRFC 10-311] analyzing module flip_flop
INFO: [VRFC 10-2263] Analyzing SystemVerilog file "C:/Users/ehgartns/Documents/new_pq_repo/auto_pq_16 bit/RTL/fsm_pq.sv" into library xil_defaultlib
INFO: [VRFC 10-311] analyzing module fsm_pq
INFO: [VRFC 10-2263] Analyzing SystemVerilog file "C:/Users/ehgartns/Documents/new_pq_repo/auto_pq_16 bit/RTL/high_level.sv" into library xil_defaultlib
INFO: [VRFC 10-311] analyzing module high_level
INFO: [VRFC 10-2263] Analyzing SystemVerilog file "C:/Users/ehgartns/Documents/new_pq_repo/auto_pq_16 bit/pheap_pq test/leq.sv" into library xil_defaultlib
INFO: [VRFC 10-311] analyzing module leq
INFO: [VRFC 10-2263] Analyzing SystemVerilog file "C:/Users/ehgartns/Documents/new_pq_repo/auto_pq_16 bit/pheap_pq test/leq1.sv" into library xil_defaultlib
INFO: [VRFC 10-311] analyzing module leq1
INFO: [VRFC 10-2263] Analyzing SystemVerilog file "C:/Users/ehgartns/Documents/new_pq_repo/auto_pq_16 bit/pheap_pq test/level.sv" into library xil_defaultlib
INFO: [VRFC 10-311] analyzing module level
INFO: [VRFC 10-2263] Analyzing SystemVerilog file "C:/Users/ehgartns/Documents/new_pq_repo/auto_pq_16 bit/pheap_pq test/levelRam.sv" into library xil_defaultlib
INFO: [VRFC 10-311] analyzing module levelRam
INFO: [VRFC 10-2263] Analyzing SystemVerilog file "C:/Users/ehgartns/Documents/new_pq_repo/auto_pq_16 bit/pheap_pq test/level_shifter.sv" into library xil_defaultlib
INFO: [VRFC 10-311] analyzing module level_shifter
INFO: [VRFC 10-2263] Analyzing SystemVerilog file "C:/Users/ehgartns/Documents/new_pq_repo/auto_pq_16 bit/RTL/lfsr.sv" into library xil_defaultlib
INFO: [VRFC 10-311] analyzing module lfsr
INFO: [VRFC 10-2263] Analyzing SystemVerilog file "C:/Users/ehgartns/Documents/new_pq_repo/auto_pq_16 bit/pheap_pq test/pheapTypes.sv" into library xil_defaultlib
INFO: [VRFC 10-2263] Analyzing SystemVerilog file "C:/Users/ehgartns/Documents/new_pq_repo/auto_pq_16 bit/pheap_pq test/pheap_pq.sv" into library xil_defaultlib
INFO: [VRFC 10-311] analyzing module pheap_pq
INFO: [VRFC 10-2263] Analyzing SystemVerilog file "C:/Users/ehgartns/Documents/new_pq_repo/pq_if.sv" into library xil_defaultlib
INFO: [VRFC 10-2263] Analyzing SystemVerilog file "C:/Users/ehgartns/Documents/new_pq_repo/auto_pq_16 bit/RTL/pq_rd_if.sv" into library xil_defaultlib
INFO: [VRFC 10-2263] Analyzing SystemVerilog file "C:/Users/ehgartns/Documents/new_pq_repo/auto_pq_16 bit/RTL/core_sim.sv" into library xil_defaultlib
INFO: [VRFC 10-311] analyzing module core_sim
